#
# A fatal error has been detected by the Java Runtime Environment:
#
#  EXCEPTION_ACCESS_VIOLATION (0xc0000005) at pc=0x60102f9e, pid=12016, tid=15620
#
# JRE version: Java(TM) SE Runtime Environment (8.0_91-b15) (build 1.8.0_91-b15)
# Java VM: Java HotSpot(TM) Client VM (25.91-b15 mixed mode windows-x86 )
# Problematic frame:
# C  [sunday.dll+0x12f9e]
#
# Failed to write core dump. Minidumps are not enabled by default on client versions of Windows
#
# If you would like to submit a bug report, please visit:
#   http://bugreport.java.com/bugreport/crash.jsp
# The crash happened outside the Java Virtual Machine in native code.
# See problematic frame for where to report the bug.
#

---------------  T H R E A D  ---------------

Current thread (0x158cc400):  JavaThread "Thread-2" [_thread_in_native, id=15620, stack(0x15e30000,0x15e80000)]

siginfo: ExceptionCode=0xc0000005, reading address 0x00000020

Registers:
EAX=0x00000008, EBX=0x15e7f348, ECX=0x00000000, EDX=0x00000000
ESP=0x15e7f1d8, EBP=0x1801be20, ESI=0x0000006f, EDI=0x187a1340
EIP=0x60102f9e, EFLAGS=0x00210206

Top of Stack: (sp=0x15e7f1d8)
0x15e7f1d8:   17ef4c78 15e7f2c8 15e7f348 00000016
0x15e7f1e8:   0000000f 00000000 187a1340 189a88f8
0x15e7f1f8:   1801be20 00000008 000003e1 0000003f
0x15e7f208:   0000007e 000002f4 00000118 00000c6f
0x15e7f218:   187a2200 0000000b 17542150 175421c0
0x15e7f228:   175421c0 00000016 00000000 00000000
0x15e7f238:   00000000 00000000 6010345f 15e7f348
0x15e7f248:   17ef4c78 15e7f2c8 00000000 00000001 

Instructions: (pc=0x60102f9e)
0x60102f7e:   8c ce 02 00 00 89 6c 24 24 39 6f 10 0f 8e c1 02
0x60102f8e:   00 00 8b 0b 8b 17 69 c9 84 00 00 00 8b 44 24 24
0x60102f9e:   8b 04 82 03 0d bc 10 12 60 89 44 24 3c 69 c0 a8
0x60102fae:   00 00 00 8b 59 54 03 d8 8b 73 2c 8d 7b 1c 8b c6 


Register to memory mapping:

EAX=0x00000008 is an unknown value
EBX=0x15e7f348 is pointing into the stack for thread: 0x158cc400
ECX=0x00000000 is an unknown value
EDX=0x00000000 is an unknown value
ESP=0x15e7f1d8 is pointing into the stack for thread: 0x158cc400
EBP=0x1801be20 is an unknown value
ESI=0x0000006f is an unknown value
EDI=0x187a1340 is an unknown value


Stack: [0x15e30000,0x15e80000],  sp=0x15e7f1d8,  free space=316k
Native frames: (J=compiled Java code, j=interpreted, Vv=VM code, C=native code)
C  [sunday.dll+0x12f9e]

Java frames: (J=compiled Java code, j=interpreted, Vv=VM code)
j  com.sun.jna.Function.invokeInt(I[Ljava/lang/Object;)I+0
j  com.sun.jna.Function.invoke([Ljava/lang/Object;Ljava/lang/Class;)Ljava/lang/Object;+90
j  com.sun.jna.Function.invoke(Ljava/lang/Class;[Ljava/lang/Object;Ljava/util/Map;)Ljava/lang/Object;+194
j  com.sun.jna.Library$Handler.invoke(Ljava/lang/Object;Ljava/lang/reflect/Method;[Ljava/lang/Object;)Ljava/lang/Object;+344
j  com.sun.proxy.$Proxy5.GetCodeFromBuffer(I[BI[B)Z+35
j  utils.RecCodeAuto.getCode([B)Ljava/lang/String;+23
j  http.Step2_Captcha.captcha(Ljava/util/Map;)Ljava/util/Map;+431
j  http.Run.lambda$start$1(Ljava/util/Map;)V+40
j  http.Run$$Lambda$2.run()V+4
j  java.lang.Thread.run()V+11
v  ~StubRoutines::call_stub

---------------  P R O C E S S  ---------------

Java Threads: ( => current thread )
  0x15a04800 JavaThread "Keep-Alive-Timer" daemon [_thread_blocked, id=11672, stack(0x16400000,0x16450000)]
  0x02a2c400 JavaThread "DestroyJavaVM" [_thread_blocked, id=14816, stack(0x02970000,0x029c0000)]
=>0x158cc400 JavaThread "Thread-2" [_thread_in_native, id=15620, stack(0x15e30000,0x15e80000)]
  0x158cbc00 JavaThread "Thread-1" [_thread_blocked, id=4772, stack(0x15da0000,0x15df0000)]
  0x152b3000 JavaThread "Service Thread" daemon [_thread_blocked, id=15728, stack(0x15780000,0x157d0000)]
  0x1529a000 JavaThread "C1 CompilerThread0" daemon [_thread_blocked, id=13796, stack(0x156f0000,0x15740000)]
  0x15299400 JavaThread "Attach Listener" daemon [_thread_blocked, id=4040, stack(0x15660000,0x156b0000)]
  0x15297000 JavaThread "Signal Dispatcher" daemon [_thread_blocked, id=7376, stack(0x155d0000,0x15620000)]
  0x1527a000 JavaThread "Finalizer" daemon [_thread_blocked, id=13320, stack(0x15460000,0x154b0000)]
  0x15264400 JavaThread "Reference Handler" daemon [_thread_blocked, id=15996, stack(0x04d50000,0x04da0000)]

Other Threads:
  0x02c2c800 VMThread [stack: 0x04cc0000,0x04d10000] [id=14464]
  0x152bec00 WatcherThread [stack: 0x15810000,0x15860000] [id=7220]

VM state:not at safepoint (normal execution)

VM Mutex/Monitor currently owned by a thread: None

Heap:
 def new generation   total 4928K, used 2610K [0x04e00000, 0x05350000, 0x0a350000)
  eden space 4416K,  57% used [0x04e00000, 0x050759c8, 0x05250000)
  from space 512K,  17% used [0x05250000, 0x05266fc0, 0x052d0000)
  to   space 512K,   0% used [0x052d0000, 0x052d0000, 0x05350000)
 tenured generation   total 10944K, used 5762K [0x0a350000, 0x0ae00000, 0x14e00000)
   the space 10944K,  52% used [0x0a350000, 0x0a8f0b20, 0x0a8f0c00, 0x0ae00000)
 Metaspace       used 7217K, capacity 7405K, committed 7552K, reserved 7552K

Card table byte_map: [0x04c30000,0x04cc0000] byte_map_base: 0x04c09000

Polling page: 0x011d0000

CodeCache: size=32768Kb used=1382Kb max_used=1382Kb free=31386Kb
 bounds [0x02c30000, 0x02d90000, 0x04c30000]
 total_blobs=681 nmethods=503 adapters=109
 compilation: enabled

Compilation events (10 events):
Event: 1.562 Thread 0x1529a000  505             java.io.DataOutputStream::writeUTF (435 bytes)
Event: 1.563 Thread 0x1529a000 nmethod 505 0x02d84d88 code [0x02d84f60, 0x02d858dc]
Event: 1.563 Thread 0x1529a000  506  s          java.io.DataOutputStream::write (14 bytes)
Event: 1.563 Thread 0x1529a000 nmethod 506 0x02d862c8 code [0x02d863d0, 0x02d865bc]
Event: 1.563 Thread 0x1529a000  507  s!         sun.misc.URLClassPath::getLoader (197 bytes)
Event: 1.564 Thread 0x1529a000 nmethod 507 0x02d86648 code [0x02d868a0, 0x02d879ac]
Event: 1.584 Thread 0x1529a000  508             java.util.Arrays::toString (73 bytes)
Event: 1.585 Thread 0x1529a000 nmethod 508 0x02d88ac8 code [0x02d88c20, 0x02d88f6c]
Event: 1.585 Thread 0x1529a000  509             java.net.URI$Parser::scan (73 bytes)
Event: 1.585 Thread 0x1529a000 nmethod 509 0x02d89648 code [0x02d89770, 0x02d89974]

GC Heap History (10 events):
Event: 1.380 GC heap before
{Heap before GC invocations=17 (full 0):
 def new generation   total 4928K, used 4665K [0x04e00000, 0x05350000, 0x0a350000)
  eden space 4416K,  99% used [0x04e00000, 0x0524d738, 0x05250000)
  from space 512K,  50% used [0x052d0000, 0x05310f10, 0x05350000)
  to   space 512K,   0% used [0x05250000, 0x05250000, 0x052d0000)
 tenured generation   total 10944K, used 5570K [0x0a350000, 0x0ae00000, 0x14e00000)
   the space 10944K,  50% used [0x0a350000, 0x0a8c0940, 0x0a8c0a00, 0x0ae00000)
 Metaspace       used 6870K, capacity 7050K, committed 7168K, reserved 7552K
Event: 1.381 GC heap after
Heap after GC invocations=18 (full 0):
 def new generation   total 4928K, used 96K [0x04e00000, 0x05350000, 0x0a350000)
  eden space 4416K,   0% used [0x04e00000, 0x04e00000, 0x05250000)
  from space 512K,  18% used [0x05250000, 0x052680d8, 0x052d0000)
  to   space 512K,   0% used [0x052d0000, 0x052d0000, 0x05350000)
 tenured generation   total 10944K, used 5762K [0x0a350000, 0x0ae00000, 0x14e00000)
   the space 10944K,  52% used [0x0a350000, 0x0a8f0b20, 0x0a8f0c00, 0x0ae00000)
 Metaspace       used 6870K, capacity 7050K, committed 7168K, reserved 7552K
}
Event: 1.381 GC heap before
{Heap before GC invocations=18 (full 0):
 def new generation   total 4928K, used 4483K [0x04e00000, 0x05350000, 0x0a350000)
  eden space 4416K,  99% used [0x04e00000, 0x05248b48, 0x05250000)
  from space 512K,  18% used [0x05250000, 0x052680d8, 0x052d0000)
  to   space 512K,   0% used [0x052d0000, 0x052d0000, 0x05350000)
 tenured generation   total 10944K, used 5762K [0x0a350000, 0x0ae00000, 0x14e00000)
   the space 10944K,  52% used [0x0a350000, 0x0a8f0b20, 0x0a8f0c00, 0x0ae00000)
 Metaspace       used 6870K, capacity 7050K, committed 7168K, reserved 7552K
Event: 1.382 GC heap after
Heap after GC invocations=19 (full 0):
 def new generation   total 4928K, used 103K [0x04e00000, 0x05350000, 0x0a350000)
  eden space 4416K,   0% used [0x04e00000, 0x04e00000, 0x05250000)
  from space 512K,  20% used [0x052d0000, 0x052e9fb8, 0x05350000)
  to   space 512K,   0% used [0x05250000, 0x05250000, 0x052d0000)
 tenured generation   total 10944K, used 5762K [0x0a350000, 0x0ae00000, 0x14e00000)
   the space 10944K,  52% used [0x0a350000, 0x0a8f0b20, 0x0a8f0c00, 0x0ae00000)
 Metaspace       used 6870K, capacity 7050K, committed 7168K, reserved 7552K
}
Event: 1.383 GC heap before
{Heap before GC invocations=19 (full 0):
 def new generation   total 4928K, used 4476K [0x04e00000, 0x05350000, 0x0a350000)
  eden space 4416K,  99% used [0x04e00000, 0x05245070, 0x05250000)
  from space 512K,  20% used [0x052d0000, 0x052e9fb8, 0x05350000)
  to   space 512K,   0% used [0x05250000, 0x05250000, 0x052d0000)
 tenured generation   total 10944K, used 5762K [0x0a350000, 0x0ae00000, 0x14e00000)
   the space 10944K,  52% used [0x0a350000, 0x0a8f0b20, 0x0a8f0c00, 0x0ae00000)
 Metaspace       used 6870K, capacity 7050K, committed 7168K, reserved 7552K
Event: 1.383 GC heap after
Heap after GC invocations=20 (full 0):
 def new generation   total 4928K, used 80K [0x04e00000, 0x05350000, 0x0a350000)
  eden space 4416K,   0% used [0x04e00000, 0x04e00000, 0x05250000)
  from space 512K,  15% used [0x05250000, 0x052643f8, 0x052d0000)
  to   space 512K,   0% used [0x052d0000, 0x052d0000, 0x05350000)
 tenured generation   total 10944K, used 5762K [0x0a350000, 0x0ae00000, 0x14e00000)
   the space 10944K,  52% used [0x0a350000, 0x0a8f0b20, 0x0a8f0c00, 0x0ae00000)
 Metaspace       used 6870K, capacity 7050K, committed 7168K, reserved 7552K
}
Event: 1.384 GC heap before
{Heap before GC invocations=20 (full 0):
 def new generation   total 4928K, used 4496K [0x04e00000, 0x05350000, 0x0a350000)
  eden space 4416K, 100% used [0x04e00000, 0x05250000, 0x05250000)
  from space 512K,  15% used [0x05250000, 0x052643f8, 0x052d0000)
  to   space 512K,   0% used [0x052d0000, 0x052d0000, 0x05350000)
 tenured generation   total 10944K, used 5762K [0x0a350000, 0x0ae00000, 0x14e00000)
   the space 10944K,  52% used [0x0a350000, 0x0a8f0b20, 0x0a8f0c00, 0x0ae00000)
 Metaspace       used 6870K, capacity 7050K, committed 7168K, reserved 7552K
Event: 1.384 GC heap after
Heap after GC invocations=21 (full 0):
 def new generation   total 4928K, used 56K [0x04e00000, 0x05350000, 0x0a350000)
  eden space 4416K,   0% used [0x04e00000, 0x04e00000, 0x05250000)
  from space 512K,  11% used [0x052d0000, 0x052de2f0, 0x05350000)
  to   space 512K,   0% used [0x05250000, 0x05250000, 0x052d0000)
 tenured generation   total 10944K, used 5762K [0x0a350000, 0x0ae00000, 0x14e00000)
   the space 10944K,  52% used [0x0a350000, 0x0a8f0b20, 0x0a8f0c00, 0x0ae00000)
 Metaspace       used 6870K, capacity 7050K, committed 7168K, reserved 7552K
}
Event: 1.408 GC heap before
{Heap before GC invocations=21 (full 0):
 def new generation   total 4928K, used 4472K [0x04e00000, 0x05350000, 0x0a350000)
  eden space 4416K, 100% used [0x04e00000, 0x05250000, 0x05250000)
  from space 512K,  11% used [0x052d0000, 0x052de2f0, 0x05350000)
  to   space 512K,   0% used [0x05250000, 0x05250000, 0x052d0000)
 tenured generation   total 10944K, used 5762K [0x0a350000, 0x0ae00000, 0x14e00000)
   the space 10944K,  52% used [0x0a350000, 0x0a8f0b20, 0x0a8f0c00, 0x0ae00000)
 Metaspace       used 6870K, capacity 7050K, committed 7168K, reserved 7552K
Event: 1.409 GC heap after
Heap after GC invocations=22 (full 0):
 def new generation   total 4928K, used 91K [0x04e00000, 0x05350000, 0x0a350000)
  eden space 4416K,   0% used [0x04e00000, 0x04e00000, 0x05250000)
  from space 512K,  17% used [0x05250000, 0x05266fc0, 0x052d0000)
  to   space 512K,   0% used [0x052d0000, 0x052d0000, 0x05350000)
 tenured generation   total 10944K, used 5762K [0x0a350000, 0x0ae00000, 0x14e00000)
   the space 10944K,  52% used [0x0a350000, 0x0a8f0b20, 0x0a8f0c00, 0x0ae00000)
 Metaspace       used 6870K, capacity 7050K, committed 7168K, reserved 7552K
}

Deoptimization events (0 events):
No events

Internal exceptions (10 events):
Event: 0.239 Thread 0x02a2c400 Exception <a 'java/lang/ArrayIndexOutOfBoundsException'> (0x0520b898) thrown at [C:\re\workspace\8-2-build-windows-i586-cygwin\jdk8u91\7017\hotspot\src\share\vm\runtime\sharedRuntime.cpp, line 605]
Event: 0.239 Thread 0x02a2c400 Exception <a 'java/lang/ArrayIndexOutOfBoundsException'> (0x0520c260) thrown at [C:\re\workspace\8-2-build-windows-i586-cygwin\jdk8u91\7017\hotspot\src\share\vm\runtime\sharedRuntime.cpp, line 605]
Event: 0.239 Thread 0x02a2c400 Exception <a 'java/lang/ArrayIndexOutOfBoundsException'> (0x0520cc50) thrown at [C:\re\workspace\8-2-build-windows-i586-cygwin\jdk8u91\7017\hotspot\src\share\vm\runtime\sharedRuntime.cpp, line 605]
Event: 0.239 Thread 0x02a2c400 Exception <a 'java/lang/ArrayIndexOutOfBoundsException'> (0x0520d5f0) thrown at [C:\re\workspace\8-2-build-windows-i586-cygwin\jdk8u91\7017\hotspot\src\share\vm\runtime\sharedRuntime.cpp, line 605]
Event: 0.239 Thread 0x02a2c400 Exception <a 'java/lang/ArrayIndexOutOfBoundsException'> (0x0520dfd8) thrown at [C:\re\workspace\8-2-build-windows-i586-cygwin\jdk8u91\7017\hotspot\src\share\vm\runtime\sharedRuntime.cpp, line 605]
Event: 0.239 Thread 0x02a2c400 Exception <a 'java/lang/ArrayIndexOutOfBoundsException'> (0x0520ea30) thrown at [C:\re\workspace\8-2-build-windows-i586-cygwin\jdk8u91\7017\hotspot\src\share\vm\runtime\sharedRuntime.cpp, line 605]
Event: 0.239 Thread 0x02a2c400 Exception <a 'java/lang/ArrayIndexOutOfBoundsException'> (0x0520f358) thrown at [C:\re\workspace\8-2-build-windows-i586-cygwin\jdk8u91\7017\hotspot\src\share\vm\runtime\sharedRuntime.cpp, line 605]
Event: 0.239 Thread 0x02a2c400 Exception <a 'java/lang/ArrayIndexOutOfBoundsException'> (0x0520fcf0) thrown at [C:\re\workspace\8-2-build-windows-i586-cygwin\jdk8u91\7017\hotspot\src\share\vm\runtime\sharedRuntime.cpp, line 605]
Event: 0.266 Thread 0x02a2c400 Exception <a 'java/lang/NoSuchFieldError': method resolution failed> (0x04ea4d38) thrown at [C:\re\workspace\8-2-build-windows-i586-cygwin\jdk8u91\7017\hotspot\src\share\vm\prims\methodHandles.cpp, line 1146]
Event: 0.267 Thread 0x02a2c400 Exception <a 'java/lang/NoSuchFieldError': method resolution failed> (0x04eb0ea0) thrown at [C:\re\workspace\8-2-build-windows-i586-cygwin\jdk8u91\7017\hotspot\src\share\vm\prims\methodHandles.cpp, line 1146]

Events (10 events):
Event: 1.566 loading class com/sun/jna/Callback
Event: 1.566 loading class com/sun/jna/Callback done
Event: 1.566 loading class com/sun/jna/NativeString
Event: 1.566 loading class com/sun/jna/NativeString done
Event: 1.566 loading class com/sun/jna/Memory$SharedMemory
Event: 1.566 loading class com/sun/jna/Memory$SharedMemory done
Event: 1.635 loading class com/sun/jna/Function$PostCallRead
Event: 1.635 loading class com/sun/jna/Function$PostCallRead done
Event: 1.635 loading class com/sun/jna/WString
Event: 1.635 loading class com/sun/jna/WString done


Dynamic libraries:
0x01110000 - 0x01143000 	C:\Program Files\Java\jdk1.8.0_91\bin\java.exe
0x77af0000 - 0x77c6b000 	C:\WINDOWS\SYSTEM32\ntdll.dll
0x77970000 - 0x77a50000 	C:\WINDOWS\SYSTEM32\KERNEL32.DLL
0x76770000 - 0x768ee000 	C:\WINDOWS\SYSTEM32\KERNELBASE.dll
0x74770000 - 0x74802000 	C:\WINDOWS\system32\apphelp.dll
0x76270000 - 0x762eb000 	C:\WINDOWS\SYSTEM32\ADVAPI32.dll
0x772e0000 - 0x7739e000 	C:\WINDOWS\SYSTEM32\msvcrt.dll
0x77280000 - 0x772c4000 	C:\WINDOWS\SYSTEM32\sechost.dll
0x74850000 - 0x748fd000 	C:\WINDOWS\SYSTEM32\RPCRT4.dll
0x74820000 - 0x7483e000 	C:\WINDOWS\SYSTEM32\SspiCli.dll
0x74810000 - 0x7481a000 	C:\WINDOWS\SYSTEM32\CRYPTBASE.dll
0x75f50000 - 0x75fa8000 	C:\WINDOWS\SYSTEM32\bcryptPrimitives.dll
0x74900000 - 0x74a47000 	C:\WINDOWS\SYSTEM32\USER32.dll
0x775e0000 - 0x7772f000 	C:\WINDOWS\SYSTEM32\GDI32.dll
0x72f00000 - 0x7310f000 	C:\WINDOWS\WinSxS\x86_microsoft.windows.common-controls_6595b64144ccf1df_6.0.10586.0_none_d3c2e4e965da4528\COMCTL32.dll
0x76fe0000 - 0x7719d000 	C:\WINDOWS\SYSTEM32\combase.dll
0x76a70000 - 0x76a9b000 	C:\WINDOWS\SYSTEM32\IMM32.DLL
0x65c60000 - 0x65d1d000 	C:\Program Files\Java\jdk1.8.0_91\jre\bin\msvcr100.dll
0x5ba50000 - 0x5be1a000 	C:\Program Files\Java\jdk1.8.0_91\jre\bin\client\jvm.dll
0x775d0000 - 0x775d6000 	C:\WINDOWS\SYSTEM32\PSAPI.DLL
0x740d0000 - 0x740f4000 	C:\WINDOWS\SYSTEM32\WINMM.dll
0x6fe60000 - 0x6fe68000 	C:\WINDOWS\SYSTEM32\WSOCK32.dll
0x746b0000 - 0x746b8000 	C:\WINDOWS\SYSTEM32\VERSION.dll
0x773a0000 - 0x773ff000 	C:\WINDOWS\SYSTEM32\WS2_32.dll
0x740a0000 - 0x740c3000 	C:\WINDOWS\SYSTEM32\WINMMBASE.dll
0x76aa0000 - 0x76ad7000 	C:\WINDOWS\SYSTEM32\cfgmgr32.dll
0x66be0000 - 0x66bec000 	C:\Program Files\Java\jdk1.8.0_91\jre\bin\verify.dll
0x63130000 - 0x63151000 	C:\Program Files\Java\jdk1.8.0_91\jre\bin\java.dll
0x66bc0000 - 0x66bd3000 	C:\Program Files\Java\jdk1.8.0_91\jre\bin\zip.dll
0x74b50000 - 0x75f4e000 	C:\WINDOWS\SYSTEM32\SHELL32.dll
0x76ae0000 - 0x76fda000 	C:\WINDOWS\SYSTEM32\windows.storage.dll
0x75fb0000 - 0x75ff5000 	C:\WINDOWS\SYSTEM32\shlwapi.dll
0x77730000 - 0x7773c000 	C:\WINDOWS\SYSTEM32\kernel.appcore.dll
0x760f0000 - 0x7617d000 	C:\WINDOWS\SYSTEM32\shcore.dll
0x77230000 - 0x77274000 	C:\WINDOWS\SYSTEM32\powrprof.dll
0x772d0000 - 0x772df000 	C:\WINDOWS\SYSTEM32\profapi.dll
0x65d80000 - 0x65d96000 	C:\Program Files\Java\jdk1.8.0_91\jre\bin\net.dll
0x744a0000 - 0x744ef000 	C:\WINDOWS\system32\mswsock.dll
0x65b50000 - 0x65b70000 	C:\Program Files\Java\jdk1.8.0_91\jre\bin\sunec.dll
0x72330000 - 0x72343000 	C:\WINDOWS\SYSTEM32\CRYPTSP.dll
0x72240000 - 0x7226f000 	C:\WINDOWS\system32\rsaenh.dll
0x74640000 - 0x7465b000 	C:\WINDOWS\SYSTEM32\bcrypt.dll
0x74750000 - 0x74769000 	C:\WINDOWS\SYSTEM32\USERENV.dll
0x74680000 - 0x746af000 	C:\WINDOWS\SYSTEM32\IPHLPAPI.DLL
0x77900000 - 0x77907000 	C:\WINDOWS\SYSTEM32\NSI.dll
0x738f0000 - 0x73903000 	C:\WINDOWS\SYSTEM32\dhcpcsvc6.DLL
0x745b0000 - 0x745c4000 	C:\WINDOWS\SYSTEM32\dhcpcsvc.DLL
0x65d50000 - 0x65d5f000 	C:\Program Files\Java\jdk1.8.0_91\jre\bin\nio.dll
0x74530000 - 0x74542000 	C:\WINDOWS\system32\napinsp.dll
0x74510000 - 0x74526000 	C:\WINDOWS\system32\pnrpnsp.dll
0x744f0000 - 0x74504000 	C:\WINDOWS\system32\NLAapi.dll
0x74410000 - 0x74494000 	C:\WINDOWS\SYSTEM32\DNSAPI.dll
0x74310000 - 0x7431b000 	C:\WINDOWS\System32\winrnr.dll
0x74090000 - 0x74098000 	C:\Windows\System32\rasadhlp.dll
0x71b80000 - 0x71bc7000 	C:\WINDOWS\System32\fwpuclnt.dll
0x16450000 - 0x164a2000 	C:\Users\wang_xiaox\AppData\Local\Temp\jna8938990271597705379.tmp
0x600f0000 - 0x60125000 	C:\Users\wang_xiaox\Documents\NetBeansProjects\gov122\build\classes\dll\sunday.dll
0x73cf0000 - 0x73e5b000 	C:\WINDOWS\WinSxS\x86_microsoft.windows.gdiplus_6595b64144ccf1df_1.1.10586.20_none_22adb5eaa762c7fa\gdiplus.dll
0x71110000 - 0x71185000 	C:\WINDOWS\system32\uxtheme.dll
0x70770000 - 0x708e3000 	C:\WINDOWS\SYSTEM32\WindowsCodecs.dll
0x77740000 - 0x7785f000 	C:\WINDOWS\SYSTEM32\MSCTF.dll
0x76000000 - 0x76092000 	C:\WINDOWS\SYSTEM32\OLEAUT32.dll
0x729f0000 - 0x72b2f000 	C:\WINDOWS\SYSTEM32\dbghelp.dll

VM Arguments:
jvm_args: -Dfile.encoding=UTF-8 
java_command: http.Run
java_class_path (initial): C:\Users\wang_xiaox\Documents\NetBeansProjects\gov122\com.sun.net.httpserver.jar;C:\Users\wang_xiaox\Documents\NetBeansProjects\gov122\commons-io-1.3.jar;C:\Users\wang_xiaox\Documents\NetBeansProjects\gov122\jackson-all-1.9.0.jar;C:\Users\wang_xiaox\Documents\NetBeansProjects\gov122\jna.jar;C:\Users\wang_xiaox\Documents\NetBeansProjects\gov122\build\classes
Launcher Type: SUN_STANDARD

Environment Variables:
JAVA_HOME=C:\Users\wang_xiaox\Desktop\jdk
CLASSPATH=C:\Users\wang_xiaox\Desktop\jdk\lib
PATH=C:\ProgramData\Oracle\Java\javapath;C:\Program Files (x86)\Intel\iCLS Client\;C:\Program Files\Intel\iCLS Client\;C:\WINDOWS\system32;C:\WINDOWS;C:\WINDOWS\System32\Wbem;C:\WINDOWS\System32\WindowsPowerShell\v1.0\;C:\Program Files\Intel\Intel(R) Management Engine Components\DAL;C:\Program Files (x86)\Intel\Intel(R) Management Engine Components\DAL;C:\Program Files\Intel\Intel(R) Management Engine Components\IPT;C:\Program Files (x86)\Intel\Intel(R) Management Engine Components\IPT;C:\Program Files (x86)\Windows Live\Shared;C:\Program Files (x86)\Heroku\bin;C:\Program Files (x86)\git\cmd;C:\Program Files (x86)\Git\cmd;C:\Program Files\Redis\;C:\Program Files\Git LFS;C:\Program Files (x86)\MySQL\MySQL Fabric 1.5 & MySQL Utilities 1.5\;C:\Program Files (x86)\MySQL\MySQL Fabric 1.5 & MySQL Utilities 1.5\Doctrine extensions for PHP\;C:\Program Files\nodejs\;C:\Users\wang_xiaox\.dnx\bin;C:\Program Files\Microsoft DNX\Dnvm\;C:\Program Files\Microsoft SQL Server\130\Tools\Binn\;C:\Users\wang_xiaox\AppData\Local\Android\sdk\platform-tools;C:\Python27;C:\Users\wang_xiaox\Desktop\ruby-2.3.1\bin;C:\Ruby23-x64\bin;C:\Users\wang_xiaox\Desktop\jdk\bin;C:\Users\wang_xiaox\AppData\Roaming\npm;C:\Users\wang_xiaox\AppData\Local\.meteor\;C:\Program Files\Docker Toolbox
USERNAME=wang_xiaox
OS=Windows_NT
PROCESSOR_IDENTIFIER=Intel64 Family 6 Model 60 Stepping 3, GenuineIntel



---------------  S Y S T E M  ---------------

OS: Windows 10.0 , 64 bit Build 10586 (10.0.10586.0)

CPU:total 4 (4 cores per cpu, 1 threads per core) family 6 model 60 stepping 3, cmov, cx8, fxsr, mmx, sse, sse2, sse3, ssse3, sse4.1, sse4.2, popcnt, avx, avx2, aes, clmul, erms, lzcnt, tsc, tscinvbit, bmi1, bmi2

Memory: 4k page, physical 8294608k(2799224k free), swap 16683216k(6869240k free)

vm_info: Java HotSpot(TM) Client VM (25.91-b15) for windows-x86 JRE (1.8.0_91-b15), built on May 20 2016 17:33:18 by "java_re" with MS VC++ 10.0 (VS2010)

time: Wed Jul 06 18:23:34 2016
elapsed time: 1 seconds (0d 0h 0m 1s)

