#
# A fatal error has been detected by the Java Runtime Environment:
#
#  EXCEPTION_UNCAUGHT_CXX_EXCEPTION (0xe06d7363) at pc=0x7682dae8, pid=12192, tid=8180
#
# JRE version: Java(TM) SE Runtime Environment (8.0_91-b15) (build 1.8.0_91-b15)
# Java VM: Java HotSpot(TM) Client VM (25.91-b15 mixed mode windows-x86 )
# Problematic frame:
# C  [KERNELBASE.dll+0xbdae8]
#
# Failed to write core dump. Minidumps are not enabled by default on client versions of Windows
#
# If you would like to submit a bug report, please visit:
#   http://bugreport.java.com/bugreport/crash.jsp
# The crash happened outside the Java Virtual Machine in native code.
# See problematic frame for where to report the bug.
#

---------------  T H R E A D  ---------------

Current thread (0x1543b000):  JavaThread "Thread-2" [_thread_in_native, id=8180, stack(0x15ed0000,0x15f20000)]

siginfo: ExceptionCode=0xe06d7363, ExceptionInformation=0x19930520 0x15f0ec18 0x6011cffc 

Registers:
EAX=0x15f0eb78, EBX=0x18378758, ECX=0x00000003, EDX=0x00000000
ESP=0x15f0eb78, EBP=0x15f0ebd0, ESI=0x1683d4d0, EDI=0xfffff800
EIP=0x7682dae8, EFLAGS=0x00000216

Top of Stack: (sp=0x15f0eb78)
0x15f0eb78:   e06d7363 00000001 00000000 7682dae8
0x15f0eb88:   00000003 19930520 15f0ec18 6011cffc
0x15f0eb98:   00000000 00000004 00000002 00000000
0x15f0eba8:   00000000 17657fb8 15f0ebc4 77b2dc2e
0x15f0ebb8:   00000000 00000000 18377d4c 15f0ebe4
0x15f0ebc8:   6010644b b7408f5c 15f0ec08 6010712c
0x15f0ebd8:   e06d7363 00000001 00000003 15f0ebfc
0x15f0ebe8:   e06d7363 00000001 00000000 00000000 

Instructions: (pc=0x7682dae8)
0x7682dac8:   e0 01 c7 44 24 0c a0 da 82 76 89 44 24 04 85 c9
0x7682dad8:   75 1f 21 4c 24 10 8d 04 24 50 ff 15 78 a3 8c 76
0x7682dae8:   8b 4c 24 54 33 cc e8 11 12 02 00 8b e5 5d c2 10
0x7682daf8:   00 8b 45 10 83 f8 0f 77 18 89 44 24 10 c1 e0 02 


Register to memory mapping:

EAX=0x15f0eb78 is pointing into the stack for thread: 0x1543b000
EBX=0x18378758 is an unknown value
ECX=0x00000003 is an unknown value
EDX=0x00000000 is an unknown value
ESP=0x15f0eb78 is pointing into the stack for thread: 0x1543b000
EBP=0x15f0ebd0 is pointing into the stack for thread: 0x1543b000
ESI=0x1683d4d0 is an unknown value
EDI=0xfffff800 is an unknown value


Stack: [0x15ed0000,0x15f20000],  sp=0x15f0eb78,  free space=250k
Native frames: (J=compiled Java code, j=interpreted, Vv=VM code, C=native code)
C  [KERNELBASE.dll+0xbdae8]
C  [sunday.dll+0x1712c]
C  [sunday.dll+0x1632f]
C  [sunday.dll+0x68d5]
C  [sunday.dll+0x6793]
C  [sunday.dll+0x4973]
C  [sunday.dll+0x41d9]
C  [sunday.dll+0x14197]

Java frames: (J=compiled Java code, j=interpreted, Vv=VM code)
j  com.sun.jna.Function.invokeInt(I[Ljava/lang/Object;)I+0
j  com.sun.jna.Function.invoke([Ljava/lang/Object;Ljava/lang/Class;)Ljava/lang/Object;+309
j  com.sun.jna.Function.invoke(Ljava/lang/Class;[Ljava/lang/Object;Ljava/util/Map;)Ljava/lang/Object;+194
j  com.sun.jna.Library$Handler.invoke(Ljava/lang/Object;Ljava/lang/reflect/Method;[Ljava/lang/Object;)Ljava/lang/Object;+344
j  com.sun.proxy.$Proxy5.LoadLibFromFile(Ljava/lang/String;Ljava/lang/String;)I+20
j  utils.RecCodeAuto.init(Ljava/lang/String;)V+68
j  http.Step2_Captcha.captcha(Ljava/util/Map;)Ljava/util/Map;+426
j  http.Run.lambda$start$1(Ljava/util/Map;)V+40
j  http.Run$$Lambda$2.run()V+4
j  java.lang.Thread.run()V+11
v  ~StubRoutines::call_stub

---------------  P R O C E S S  ---------------

Java Threads: ( => current thread )
  0x15ad3c00 JavaThread "Keep-Alive-Timer" daemon [_thread_blocked, id=13988, stack(0x164a0000,0x164f0000)]
  0x02cdc400 JavaThread "DestroyJavaVM" [_thread_blocked, id=4300, stack(0x011f0000,0x01240000)]
=>0x1543b000 JavaThread "Thread-2" [_thread_in_native, id=8180, stack(0x15ed0000,0x15f20000)]
  0x15931400 JavaThread "Thread-1" [_thread_in_native, id=3504, stack(0x15e40000,0x15e90000)]
  0x15300000 JavaThread "Service Thread" daemon [_thread_blocked, id=11436, stack(0x15820000,0x15870000)]
  0x152ea800 JavaThread "C1 CompilerThread0" daemon [_thread_blocked, id=11628, stack(0x15790000,0x157e0000)]
  0x152e9400 JavaThread "Attach Listener" daemon [_thread_blocked, id=7524, stack(0x15700000,0x15750000)]
  0x152e7400 JavaThread "Signal Dispatcher" daemon [_thread_blocked, id=11280, stack(0x15670000,0x156c0000)]
  0x152ca000 JavaThread "Finalizer" daemon [_thread_blocked, id=15900, stack(0x15500000,0x15550000)]
  0x152b4400 JavaThread "Reference Handler" daemon [_thread_blocked, id=8684, stack(0x154b0000,0x15500000)]

Other Threads:
  0x02c8c800 VMThread [stack: 0x15260000,0x152b0000] [id=12408]
  0x1530c000 WatcherThread [stack: 0x158b0000,0x15900000] [id=16348]

VM state:not at safepoint (normal execution)

VM Mutex/Monitor currently owned by a thread: None

Heap:
 def new generation   total 4928K, used 2755K [0x04e00000, 0x05350000, 0x0a350000)
  eden space 4416K,  57% used [0x04e00000, 0x05078530, 0x05250000)
  from space 512K,  44% used [0x05250000, 0x052888d8, 0x052d0000)
  to   space 512K,   0% used [0x052d0000, 0x052d0000, 0x05350000)
 tenured generation   total 10944K, used 5741K [0x0a350000, 0x0ae00000, 0x14e00000)
   the space 10944K,  52% used [0x0a350000, 0x0a8eb418, 0x0a8eb600, 0x0ae00000)
 Metaspace       used 7215K, capacity 7405K, committed 7552K, reserved 7552K

Card table byte_map: [0x04d30000,0x04dc0000] byte_map_base: 0x04d09000

Polling page: 0x01240000

CodeCache: size=32768Kb used=1383Kb max_used=1383Kb free=31384Kb
 bounds [0x02d30000, 0x02e90000, 0x04d30000]
 total_blobs=684 nmethods=506 adapters=109
 compilation: enabled

Compilation events (10 events):
Event: 1.004 Thread 0x152ea800  508             sun.misc.ProxyGenerator$ConstantPool$Entry::<init> (5 bytes)
Event: 1.004 Thread 0x152ea800 nmethod 508 0x02e883c8 code [0x02e884c0, 0x02e88540]
Event: 1.004 Thread 0x152ea800  509             sun.misc.ProxyGenerator$ConstantPool$Entry::<init> (5 bytes)
Event: 1.004 Thread 0x152ea800 nmethod 509 0x02e88588 code [0x02e88680, 0x02e88700]
Event: 1.004 Thread 0x152ea800  510             sun.misc.ProxyGenerator$ConstantPool$IndirectEntry::hashCode (15 bytes)
Event: 1.004 Thread 0x152ea800 nmethod 510 0x02e88748 code [0x02e88840, 0x02e888d0]
Event: 1.004 Thread 0x152ea800  511             java.io.DataOutputStream::writeUTF (435 bytes)
Event: 1.005 Thread 0x152ea800 nmethod 511 0x02e88908 code [0x02e88ae0, 0x02e8945c]
Event: 1.005 Thread 0x152ea800  512  s          java.io.DataOutputStream::write (14 bytes)
Event: 1.005 Thread 0x152ea800 nmethod 512 0x02e89e48 code [0x02e89f50, 0x02e8a13c]

GC Heap History (10 events):
Event: 0.780 GC heap before
{Heap before GC invocations=17 (full 0):
 def new generation   total 4928K, used 4671K [0x04e00000, 0x05350000, 0x0a350000)
  eden space 4416K,  99% used [0x04e00000, 0x0524ebf0, 0x05250000)
  from space 512K,  50% used [0x052d0000, 0x05311260, 0x05350000)
  to   space 512K,   0% used [0x05250000, 0x05250000, 0x052d0000)
 tenured generation   total 10944K, used 5708K [0x0a350000, 0x0ae00000, 0x14e00000)
   the space 10944K,  52% used [0x0a350000, 0x0a8e3390, 0x0a8e3400, 0x0ae00000)
 Metaspace       used 6858K, capacity 7048K, committed 7168K, reserved 7552K
Event: 0.781 GC heap after
Heap after GC invocations=18 (full 0):
 def new generation   total 4928K, used 89K [0x04e00000, 0x05350000, 0x0a350000)
  eden space 4416K,   0% used [0x04e00000, 0x04e00000, 0x05250000)
  from space 512K,  17% used [0x05250000, 0x05266690, 0x052d0000)
  to   space 512K,   0% used [0x052d0000, 0x052d0000, 0x05350000)
 tenured generation   total 10944K, used 5741K [0x0a350000, 0x0ae00000, 0x14e00000)
   the space 10944K,  52% used [0x0a350000, 0x0a8eb418, 0x0a8eb600, 0x0ae00000)
 Metaspace       used 6858K, capacity 7048K, committed 7168K, reserved 7552K
}
Event: 0.782 GC heap before
{Heap before GC invocations=18 (full 0):
 def new generation   total 4928K, used 4496K [0x04e00000, 0x05350000, 0x0a350000)
  eden space 4416K,  99% used [0x04e00000, 0x0524dbd0, 0x05250000)
  from space 512K,  17% used [0x05250000, 0x05266690, 0x052d0000)
  to   space 512K,   0% used [0x052d0000, 0x052d0000, 0x05350000)
 tenured generation   total 10944K, used 5741K [0x0a350000, 0x0ae00000, 0x14e00000)
   the space 10944K,  52% used [0x0a350000, 0x0a8eb418, 0x0a8eb600, 0x0ae00000)
 Metaspace       used 6858K, capacity 7048K, committed 7168K, reserved 7552K
Event: 0.782 GC heap after
Heap after GC invocations=19 (full 0):
 def new generation   total 4928K, used 169K [0x04e00000, 0x05350000, 0x0a350000)
  eden space 4416K,   0% used [0x04e00000, 0x04e00000, 0x05250000)
  from space 512K,  33% used [0x052d0000, 0x052fa780, 0x05350000)
  to   space 512K,   0% used [0x05250000, 0x05250000, 0x052d0000)
 tenured generation   total 10944K, used 5741K [0x0a350000, 0x0ae00000, 0x14e00000)
   the space 10944K,  52% used [0x0a350000, 0x0a8eb418, 0x0a8eb600, 0x0ae00000)
 Metaspace       used 6858K, capacity 7048K, committed 7168K, reserved 7552K
}
Event: 0.786 GC heap before
{Heap before GC invocations=19 (full 0):
 def new generation   total 4928K, used 4585K [0x04e00000, 0x05350000, 0x0a350000)
  eden space 4416K, 100% used [0x04e00000, 0x05250000, 0x05250000)
  from space 512K,  33% used [0x052d0000, 0x052fa780, 0x05350000)
  to   space 512K,   0% used [0x05250000, 0x05250000, 0x052d0000)
 tenured generation   total 10944K, used 5741K [0x0a350000, 0x0ae00000, 0x14e00000)
   the space 10944K,  52% used [0x0a350000, 0x0a8eb418, 0x0a8eb600, 0x0ae00000)
 Metaspace       used 6858K, capacity 7048K, committed 7168K, reserved 7552K
Event: 0.787 GC heap after
Heap after GC invocations=20 (full 0):
 def new generation   total 4928K, used 124K [0x04e00000, 0x05350000, 0x0a350000)
  eden space 4416K,   0% used [0x04e00000, 0x04e00000, 0x05250000)
  from space 512K,  24% used [0x05250000, 0x0526f2d8, 0x052d0000)
  to   space 512K,   0% used [0x052d0000, 0x052d0000, 0x05350000)
 tenured generation   total 10944K, used 5741K [0x0a350000, 0x0ae00000, 0x14e00000)
   the space 10944K,  52% used [0x0a350000, 0x0a8eb418, 0x0a8eb600, 0x0ae00000)
 Metaspace       used 6858K, capacity 7048K, committed 7168K, reserved 7552K
}
Event: 0.792 GC heap before
{Heap before GC invocations=20 (full 0):
 def new generation   total 4928K, used 4540K [0x04e00000, 0x05350000, 0x0a350000)
  eden space 4416K, 100% used [0x04e00000, 0x05250000, 0x05250000)
  from space 512K,  24% used [0x05250000, 0x0526f2d8, 0x052d0000)
  to   space 512K,   0% used [0x052d0000, 0x052d0000, 0x05350000)
 tenured generation   total 10944K, used 5741K [0x0a350000, 0x0ae00000, 0x14e00000)
   the space 10944K,  52% used [0x0a350000, 0x0a8eb418, 0x0a8eb600, 0x0ae00000)
 Metaspace       used 6858K, capacity 7048K, committed 7168K, reserved 7552K
Event: 0.792 GC heap after
Heap after GC invocations=21 (full 0):
 def new generation   total 4928K, used 152K [0x04e00000, 0x05350000, 0x0a350000)
  eden space 4416K,   0% used [0x04e00000, 0x04e00000, 0x05250000)
  from space 512K,  29% used [0x052d0000, 0x052f62d8, 0x05350000)
  to   space 512K,   0% used [0x05250000, 0x05250000, 0x052d0000)
 tenured generation   total 10944K, used 5741K [0x0a350000, 0x0ae00000, 0x14e00000)
   the space 10944K,  52% used [0x0a350000, 0x0a8eb418, 0x0a8eb600, 0x0ae00000)
 Metaspace       used 6858K, capacity 7048K, committed 7168K, reserved 7552K
}
Event: 0.848 GC heap before
{Heap before GC invocations=21 (full 0):
 def new generation   total 4928K, used 4568K [0x04e00000, 0x05350000, 0x0a350000)
  eden space 4416K, 100% used [0x04e00000, 0x05250000, 0x05250000)
  from space 512K,  29% used [0x052d0000, 0x052f62d8, 0x05350000)
  to   space 512K,   0% used [0x05250000, 0x05250000, 0x052d0000)
 tenured generation   total 10944K, used 5741K [0x0a350000, 0x0ae00000, 0x14e00000)
   the space 10944K,  52% used [0x0a350000, 0x0a8eb418, 0x0a8eb600, 0x0ae00000)
 Metaspace       used 6867K, capacity 7050K, committed 7168K, reserved 7552K
Event: 0.849 GC heap after
Heap after GC invocations=22 (full 0):
 def new generation   total 4928K, used 226K [0x04e00000, 0x05350000, 0x0a350000)
  eden space 4416K,   0% used [0x04e00000, 0x04e00000, 0x05250000)
  from space 512K,  44% used [0x05250000, 0x052888d8, 0x052d0000)
  to   space 512K,   0% used [0x052d0000, 0x052d0000, 0x05350000)
 tenured generation   total 10944K, used 5741K [0x0a350000, 0x0ae00000, 0x14e00000)
   the space 10944K,  52% used [0x0a350000, 0x0a8eb418, 0x0a8eb600, 0x0ae00000)
 Metaspace       used 6867K, capacity 7050K, committed 7168K, reserved 7552K
}

Deoptimization events (0 events):
No events

Internal exceptions (10 events):
Event: 0.216 Thread 0x02cdc400 Exception <a 'java/lang/ArrayIndexOutOfBoundsException'> (0x0520c5c8) thrown at [C:\re\workspace\8-2-build-windows-i586-cygwin\jdk8u91\7017\hotspot\src\share\vm\runtime\sharedRuntime.cpp, line 605]
Event: 0.216 Thread 0x02cdc400 Exception <a 'java/lang/ArrayIndexOutOfBoundsException'> (0x0520cf78) thrown at [C:\re\workspace\8-2-build-windows-i586-cygwin\jdk8u91\7017\hotspot\src\share\vm\runtime\sharedRuntime.cpp, line 605]
Event: 0.216 Thread 0x02cdc400 Exception <a 'java/lang/ArrayIndexOutOfBoundsException'> (0x0520d968) thrown at [C:\re\workspace\8-2-build-windows-i586-cygwin\jdk8u91\7017\hotspot\src\share\vm\runtime\sharedRuntime.cpp, line 605]
Event: 0.216 Thread 0x02cdc400 Exception <a 'java/lang/ArrayIndexOutOfBoundsException'> (0x0520e308) thrown at [C:\re\workspace\8-2-build-windows-i586-cygwin\jdk8u91\7017\hotspot\src\share\vm\runtime\sharedRuntime.cpp, line 605]
Event: 0.216 Thread 0x02cdc400 Exception <a 'java/lang/ArrayIndexOutOfBoundsException'> (0x0520ecf0) thrown at [C:\re\workspace\8-2-build-windows-i586-cygwin\jdk8u91\7017\hotspot\src\share\vm\runtime\sharedRuntime.cpp, line 605]
Event: 0.216 Thread 0x02cdc400 Exception <a 'java/lang/ArrayIndexOutOfBoundsException'> (0x0520f748) thrown at [C:\re\workspace\8-2-build-windows-i586-cygwin\jdk8u91\7017\hotspot\src\share\vm\runtime\sharedRuntime.cpp, line 605]
Event: 0.216 Thread 0x02cdc400 Exception <a 'java/lang/ArrayIndexOutOfBoundsException'> (0x05210070) thrown at [C:\re\workspace\8-2-build-windows-i586-cygwin\jdk8u91\7017\hotspot\src\share\vm\runtime\sharedRuntime.cpp, line 605]
Event: 0.216 Thread 0x02cdc400 Exception <a 'java/lang/ArrayIndexOutOfBoundsException'> (0x05210a08) thrown at [C:\re\workspace\8-2-build-windows-i586-cygwin\jdk8u91\7017\hotspot\src\share\vm\runtime\sharedRuntime.cpp, line 605]
Event: 0.243 Thread 0x02cdc400 Exception <a 'java/lang/NoSuchFieldError': method resolution failed> (0x04eb0bd0) thrown at [C:\re\workspace\8-2-build-windows-i586-cygwin\jdk8u91\7017\hotspot\src\share\vm\prims\methodHandles.cpp, line 1146]
Event: 0.244 Thread 0x02cdc400 Exception <a 'java/lang/NoSuchFieldError': method resolution failed> (0x04ebcd38) thrown at [C:\re\workspace\8-2-build-windows-i586-cygwin\jdk8u91\7017\hotspot\src\share\vm\prims\methodHandles.cpp, line 1146]

Events (10 events):
Event: 1.008 loading class com/sun/jna/Callback
Event: 1.008 loading class com/sun/jna/Callback done
Event: 1.008 loading class com/sun/jna/NativeString
Event: 1.008 loading class com/sun/jna/NativeString done
Event: 1.008 loading class com/sun/jna/Memory$SharedMemory
Event: 1.008 loading class com/sun/jna/Memory$SharedMemory done
Event: 1.073 loading class com/sun/jna/Function$PostCallRead
Event: 1.073 loading class com/sun/jna/Function$PostCallRead done
Event: 1.074 loading class com/sun/jna/WString
Event: 1.074 loading class com/sun/jna/WString done


Dynamic libraries:
0x01110000 - 0x01143000 	C:\Program Files\Java\jdk1.8.0_91\bin\java.exe
0x77af0000 - 0x77c6b000 	C:\WINDOWS\SYSTEM32\ntdll.dll
0x77970000 - 0x77a50000 	C:\WINDOWS\SYSTEM32\KERNEL32.DLL
0x76770000 - 0x768ee000 	C:\WINDOWS\SYSTEM32\KERNELBASE.dll
0x74770000 - 0x74802000 	C:\WINDOWS\system32\apphelp.dll
0x76270000 - 0x762eb000 	C:\WINDOWS\SYSTEM32\ADVAPI32.dll
0x772e0000 - 0x7739e000 	C:\WINDOWS\SYSTEM32\msvcrt.dll
0x77280000 - 0x772c4000 	C:\WINDOWS\SYSTEM32\sechost.dll
0x74850000 - 0x748fd000 	C:\WINDOWS\SYSTEM32\RPCRT4.dll
0x74820000 - 0x7483e000 	C:\WINDOWS\SYSTEM32\SspiCli.dll
0x74810000 - 0x7481a000 	C:\WINDOWS\SYSTEM32\CRYPTBASE.dll
0x75f50000 - 0x75fa8000 	C:\WINDOWS\SYSTEM32\bcryptPrimitives.dll
0x74900000 - 0x74a47000 	C:\WINDOWS\SYSTEM32\USER32.dll
0x775e0000 - 0x7772f000 	C:\WINDOWS\SYSTEM32\GDI32.dll
0x72f00000 - 0x7310f000 	C:\WINDOWS\WinSxS\x86_microsoft.windows.common-controls_6595b64144ccf1df_6.0.10586.0_none_d3c2e4e965da4528\COMCTL32.dll
0x76fe0000 - 0x7719d000 	C:\WINDOWS\SYSTEM32\combase.dll
0x76a70000 - 0x76a9b000 	C:\WINDOWS\SYSTEM32\IMM32.DLL
0x65c60000 - 0x65d1d000 	C:\Program Files\Java\jdk1.8.0_91\jre\bin\msvcr100.dll
0x5ba50000 - 0x5be1a000 	C:\Program Files\Java\jdk1.8.0_91\jre\bin\client\jvm.dll
0x775d0000 - 0x775d6000 	C:\WINDOWS\SYSTEM32\PSAPI.DLL
0x740d0000 - 0x740f4000 	C:\WINDOWS\SYSTEM32\WINMM.dll
0x6fe60000 - 0x6fe68000 	C:\WINDOWS\SYSTEM32\WSOCK32.dll
0x746b0000 - 0x746b8000 	C:\WINDOWS\SYSTEM32\VERSION.dll
0x773a0000 - 0x773ff000 	C:\WINDOWS\SYSTEM32\WS2_32.dll
0x740a0000 - 0x740c3000 	C:\WINDOWS\SYSTEM32\WINMMBASE.dll
0x76aa0000 - 0x76ad7000 	C:\WINDOWS\SYSTEM32\cfgmgr32.dll
0x66be0000 - 0x66bec000 	C:\Program Files\Java\jdk1.8.0_91\jre\bin\verify.dll
0x63130000 - 0x63151000 	C:\Program Files\Java\jdk1.8.0_91\jre\bin\java.dll
0x66bc0000 - 0x66bd3000 	C:\Program Files\Java\jdk1.8.0_91\jre\bin\zip.dll
0x74b50000 - 0x75f4e000 	C:\WINDOWS\SYSTEM32\SHELL32.dll
0x76ae0000 - 0x76fda000 	C:\WINDOWS\SYSTEM32\windows.storage.dll
0x75fb0000 - 0x75ff5000 	C:\WINDOWS\SYSTEM32\shlwapi.dll
0x77730000 - 0x7773c000 	C:\WINDOWS\SYSTEM32\kernel.appcore.dll
0x760f0000 - 0x7617d000 	C:\WINDOWS\SYSTEM32\shcore.dll
0x77230000 - 0x77274000 	C:\WINDOWS\SYSTEM32\powrprof.dll
0x772d0000 - 0x772df000 	C:\WINDOWS\SYSTEM32\profapi.dll
0x65d80000 - 0x65d96000 	C:\Program Files\Java\jdk1.8.0_91\jre\bin\net.dll
0x744a0000 - 0x744ef000 	C:\WINDOWS\system32\mswsock.dll
0x65b50000 - 0x65b70000 	C:\Program Files\Java\jdk1.8.0_91\jre\bin\sunec.dll
0x72330000 - 0x72343000 	C:\WINDOWS\SYSTEM32\CRYPTSP.dll
0x72240000 - 0x7226f000 	C:\WINDOWS\system32\rsaenh.dll
0x74640000 - 0x7465b000 	C:\WINDOWS\SYSTEM32\bcrypt.dll
0x74750000 - 0x74769000 	C:\WINDOWS\SYSTEM32\USERENV.dll
0x74680000 - 0x746af000 	C:\WINDOWS\SYSTEM32\IPHLPAPI.DLL
0x77900000 - 0x77907000 	C:\WINDOWS\SYSTEM32\NSI.dll
0x738f0000 - 0x73903000 	C:\WINDOWS\SYSTEM32\dhcpcsvc6.DLL
0x745b0000 - 0x745c4000 	C:\WINDOWS\SYSTEM32\dhcpcsvc.DLL
0x65d50000 - 0x65d5f000 	C:\Program Files\Java\jdk1.8.0_91\jre\bin\nio.dll
0x74530000 - 0x74542000 	C:\WINDOWS\system32\napinsp.dll
0x74510000 - 0x74526000 	C:\WINDOWS\system32\pnrpnsp.dll
0x744f0000 - 0x74504000 	C:\WINDOWS\system32\NLAapi.dll
0x74410000 - 0x74494000 	C:\WINDOWS\SYSTEM32\DNSAPI.dll
0x74310000 - 0x7431b000 	C:\WINDOWS\System32\winrnr.dll
0x74090000 - 0x74098000 	C:\Windows\System32\rasadhlp.dll
0x71b80000 - 0x71bc7000 	C:\WINDOWS\System32\fwpuclnt.dll
0x164f0000 - 0x16542000 	C:\Users\wang_xiaox\AppData\Local\Temp\jna4492884984836391780.tmp
0x600f0000 - 0x60125000 	C:\Users\wang_xiaox\Documents\NetBeansProjects\gov122\build\classes\dll\sunday.dll
0x73cf0000 - 0x73e5b000 	C:\WINDOWS\WinSxS\x86_microsoft.windows.gdiplus_6595b64144ccf1df_1.1.10586.20_none_22adb5eaa762c7fa\gdiplus.dll
0x71110000 - 0x71185000 	C:\WINDOWS\system32\uxtheme.dll
0x70770000 - 0x708e3000 	C:\WINDOWS\SYSTEM32\WindowsCodecs.dll
0x77740000 - 0x7785f000 	C:\WINDOWS\SYSTEM32\MSCTF.dll
0x76000000 - 0x76092000 	C:\WINDOWS\SYSTEM32\OLEAUT32.dll
0x729f0000 - 0x72b2f000 	C:\WINDOWS\SYSTEM32\dbghelp.dll

VM Arguments:
jvm_args: -Dfile.encoding=UTF-8 
java_command: http.Run
java_class_path (initial): C:\Users\wang_xiaox\Documents\NetBeansProjects\gov122\com.sun.net.httpserver.jar;C:\Users\wang_xiaox\Documents\NetBeansProjects\gov122\commons-io-1.3.jar;C:\Users\wang_xiaox\Documents\NetBeansProjects\gov122\jackson-all-1.9.0.jar;C:\Users\wang_xiaox\Documents\NetBeansProjects\gov122\jna.jar;C:\Users\wang_xiaox\Documents\NetBeansProjects\gov122\build\classes
Launcher Type: SUN_STANDARD

Environment Variables:
JAVA_HOME=C:\Users\wang_xiaox\Desktop\jdk
CLASSPATH=C:\Users\wang_xiaox\Desktop\jdk\lib
PATH=C:\ProgramData\Oracle\Java\javapath;C:\Program Files (x86)\Intel\iCLS Client\;C:\Program Files\Intel\iCLS Client\;C:\WINDOWS\system32;C:\WINDOWS;C:\WINDOWS\System32\Wbem;C:\WINDOWS\System32\WindowsPowerShell\v1.0\;C:\Program Files\Intel\Intel(R) Management Engine Components\DAL;C:\Program Files (x86)\Intel\Intel(R) Management Engine Components\DAL;C:\Program Files\Intel\Intel(R) Management Engine Components\IPT;C:\Program Files (x86)\Intel\Intel(R) Management Engine Components\IPT;C:\Program Files (x86)\Windows Live\Shared;C:\Program Files (x86)\Heroku\bin;C:\Program Files (x86)\git\cmd;C:\Program Files (x86)\Git\cmd;C:\Program Files\Redis\;C:\Program Files\Git LFS;C:\Program Files (x86)\MySQL\MySQL Fabric 1.5 & MySQL Utilities 1.5\;C:\Program Files (x86)\MySQL\MySQL Fabric 1.5 & MySQL Utilities 1.5\Doctrine extensions for PHP\;C:\Program Files\nodejs\;C:\Users\wang_xiaox\.dnx\bin;C:\Program Files\Microsoft DNX\Dnvm\;C:\Program Files\Microsoft SQL Server\130\Tools\Binn\;C:\Users\wang_xiaox\AppData\Local\Android\sdk\platform-tools;C:\Python27;C:\Users\wang_xiaox\Desktop\ruby-2.3.1\bin;C:\Ruby23-x64\bin;C:\Users\wang_xiaox\Desktop\jdk\bin;C:\Users\wang_xiaox\AppData\Roaming\npm;C:\Users\wang_xiaox\AppData\Local\.meteor\;C:\Program Files\Docker Toolbox
USERNAME=wang_xiaox
OS=Windows_NT
PROCESSOR_IDENTIFIER=Intel64 Family 6 Model 60 Stepping 3, GenuineIntel



---------------  S Y S T E M  ---------------

OS: Windows 10.0 , 64 bit Build 10586 (10.0.10586.0)

CPU:total 4 (4 cores per cpu, 1 threads per core) family 6 model 60 stepping 3, cmov, cx8, fxsr, mmx, sse, sse2, sse3, ssse3, sse4.1, sse4.2, popcnt, avx, avx2, aes, clmul, erms, lzcnt, tsc, tscinvbit, bmi1, bmi2

Memory: 4k page, physical 8294608k(2796240k free), swap 16683216k(6877852k free)

vm_info: Java HotSpot(TM) Client VM (25.91-b15) for windows-x86 JRE (1.8.0_91-b15), built on May 20 2016 17:33:18 by "java_re" with MS VC++ 10.0 (VS2010)

time: Wed Jul 06 18:24:23 2016
elapsed time: 1 seconds (0d 0h 0m 1s)

